Arguments: 
  /usr/local/Cellar/node/14.4.0/bin/node /usr/local/Cellar/yarn/1.22.4/libexec/bin/yarn.js init

PATH: 
  /usr/local/anaconda3/bin:/usr/local/kde4/bin:/usr/local/sbin:/Users/naitian/.cargo/bin:/Users/naitian/.rbenv/shims:/Users/naitian/.rbenv/bin:/Users/naitian/.rvm/bin:/Users/naitian/Library/Python/3.6/bin:/usr/local/bin:/usr/local/sbin:~/bin:/Library/Frameworks/Python.framework/Versions/3.5/bin:/usr/local/bin:/usr/bin:/bin:/usr/sbin:/sbin:/Library/TeX/texbin:/usr/local/anaconda3/bin:/usr/local/kde4/bin:/usr/local/sbin:/Users/naitian/.cargo/bin:/Users/naitian/.rbenv/shims:/Users/naitian/.rbenv/bin:/Users/naitian/.rvm/bin:/Users/naitian/Library/Python/3.6/bin:~/bin:/Library/Frameworks/Python.framework/Versions/3.5/bin:/usr/local/go/bin:/usr/local/opt/android-sdk/tools:/usr/local/opt/android-sdk/platform-tools:/Users/naitian/.fzf/bin:/usr/local/go/bin:/usr/local/opt/android-sdk/tools:/usr/local/opt/android-sdk/platform-tools

Yarn version: 
  1.22.4

Node version: 
  14.4.0

Platform: 
  darwin x64

Trace: 
  Error: canceled
      at Interface.<anonymous> (/usr/local/Cellar/yarn/1.22.4/libexec/lib/cli.js:137008:13)
      at Interface.emit (events.js:315:20)
      at Interface._ttyWrite (readline.js:873:16)
      at ReadStream.onkeypress (readline.js:213:10)
      at ReadStream.emit (events.js:315:20)
      at emitKeys (internal/readline/utils.js:335:14)
      at emitKeys.next (<anonymous>)
      at ReadStream.onData (readline.js:1140:36)
      at ReadStream.emit (events.js:315:20)
      at addChunk (_stream_readable.js:302:12)

npm manifest: 
  No manifest

yarn manifest: 
  No manifest

Lockfile: 
  No lockfile
